\BOOKMARK [1][-]{section*.4}{\376\377\000D\000e\000c\000l\000a\000r\000a\000t\000i\000o\000n}{}% 1
\BOOKMARK [1][-]{section*.5}{\376\377\000D\000e\000d\000i\000c\000a\000t\000i\000o\000n}{}% 2
\BOOKMARK [1][-]{section*.6}{\376\377\000A\000c\000k\000n\000o\000w\000l\000e\000d\000g\000e\000m\000e\000n\000t}{}% 3
\BOOKMARK [1][-]{section*.8}{\376\377\000A\000b\000s\000t\000r\000a\000c\000t}{}% 4
\BOOKMARK [1][-]{section.1}{\376\377\000I\000N\000T\000R\000O\000D\000U\000C\000T\000I\000O\000N}{}% 5
\BOOKMARK [2][-]{subsection.1.1}{\376\377\000B\000a\000c\000k\000g\000r\000o\000u\000n\000d\000\040\000o\000f\000\040\000S\000t\000u\000d\000y}{section.1}% 6
\BOOKMARK [2][-]{subsection.1.2}{\376\377\000P\000r\000o\000b\000l\000e\000m\000\040\000S\000t\000a\000t\000e\000m\000e\000n\000t}{section.1}% 7
\BOOKMARK [3][-]{subsubsection.1.2.1}{\376\377\000L\000i\000m\000i\000t\000e\000d\000\040\000A\000c\000c\000o\000m\000m\000o\000d\000a\000t\000i\000o\000n\000\040\000a\000n\000d\000\040\000A\000c\000c\000e\000s\000s\000i\000b\000i\000l\000i\000t\000y\000\040\000C\000h\000a\000l\000l\000e\000n\000g\000e\000s\000\040\000a\000t\000\040\000G\000C\000T\000U}{subsection.1.2}% 8
\BOOKMARK [3][-]{subsubsection.1.2.2}{\376\377\000T\000h\000e\000\040\000H\000i\000g\000h\000\040\000C\000o\000s\000t\000\040\000o\000f\000\040\000E\000x\000i\000s\000t\000i\000n\000g\000\040\000S\000o\000l\000u\000t\000i\000o\000n\000s}{subsection.1.2}% 9
\BOOKMARK [3][-]{subsubsection.1.2.3}{\376\377\000T\000h\000e\000\040\000L\000i\000m\000i\000t\000a\000t\000i\000o\000n\000s\000\040\000o\000f\000\040\000M\000o\000o\000d\000l\000e}{subsection.1.2}% 10
\BOOKMARK [3][-]{subsubsection.1.2.4}{\376\377\000T\000h\000e\000\040\000N\000e\000e\000d\000\040\000f\000o\000r\000\040\000a\000\040\000C\000u\000s\000t\000o\000m\000,\000\040\000C\000o\000s\000t\000-\000E\000f\000f\000e\000c\000t\000i\000v\000e\000\040\000E\000-\000L\000e\000a\000r\000n\000i\000n\000g\000\040\000P\000l\000a\000t\000f\000o\000r\000m}{subsection.1.2}% 11
\BOOKMARK [2][-]{subsection.1.3}{\376\377\000R\000e\000s\000e\000a\000r\000c\000h\000\040\000A\000i\000m\000\040\000a\000n\000d\000\040\000O\000b\000j\000e\000c\000t\000i\000v\000e\000s}{section.1}% 12
\BOOKMARK [3][-]{subsubsection.1.3.1}{\376\377\000R\000e\000s\000e\000a\000r\000c\000h\000\040\000A\000i\000m}{subsection.1.3}% 13
\BOOKMARK [3][-]{subsubsection.1.3.2}{\376\377\000S\000p\000e\000c\000i\000f\000i\000c\000\040\000O\000b\000j\000e\000c\000t\000i\000v\000e\000s}{subsection.1.3}% 14
\BOOKMARK [2][-]{subsection.1.4}{\376\377\000S\000i\000g\000n\000i\000f\000i\000c\000a\000n\000c\000e\000\040\000o\000f\000\040\000s\000t\000u\000d\000y}{section.1}% 15
\BOOKMARK [2][-]{subsection.1.5}{\376\377\000S\000c\000o\000p\000e\000\040\000a\000n\000d\000\040\000L\000i\000m\000i\000t\000a\000t\000i\000o\000n}{section.1}% 16
\BOOKMARK [3][-]{subsubsection.1.5.1}{\376\377\000T\000h\000e\000\040\000s\000c\000o\000p\000e\000\040\000o\000f\000\040\000t\000h\000i\000s\000\040\000r\000e\000s\000e\000a\000r\000c\000h}{subsection.1.5}% 17
\BOOKMARK [3][-]{subsubsection.1.5.2}{\376\377\000T\000h\000e\000\040\000l\000i\000m\000i\000t\000a\000t\000i\000o\000n\000s\000\040\000o\000f\000\040\000t\000h\000i\000s\000\040\000r\000e\000s\000e\000a\000r\000c\000h}{subsection.1.5}% 18
\BOOKMARK [2][-]{subsection.1.6}{\376\377\000B\000r\000i\000e\000f\000\040\000M\000e\000t\000h\000o\000d\000o\000l\000o\000g\000y}{section.1}% 19
\BOOKMARK [3][-]{subsubsection.1.6.1}{\376\377\000\040\000D\000e\000s\000i\000g\000n\000\040\000C\000o\000n\000c\000e\000p\000t}{subsection.1.6}% 20
\BOOKMARK [3][-]{subsubsection.1.6.2}{\376\377\000S\000o\000f\000t\000w\000a\000r\000e\000\040\000r\000e\000q\000u\000i\000r\000e\000d}{subsection.1.6}% 21
\BOOKMARK [3][-]{subsubsection.1.6.3}{\376\377\000F\000r\000a\000m\000e\000w\000o\000r\000k\000s\000\040\000a\000n\000d\000\040\000L\000i\000b\000r\000a\000r\000i\000e\000s}{subsection.1.6}% 22
\BOOKMARK [3][-]{subsubsection.1.6.4}{\376\377\000H\000a\000r\000d\000w\000a\000r\000e\000\040\000R\000e\000q\000u\000i\000r\000e\000m\000e\000n\000t\000s}{subsection.1.6}% 23
\BOOKMARK [2][-]{subsection.1.7}{\376\377\000O\000r\000g\000a\000n\000i\000z\000a\000t\000i\000o\000n\000\040\000o\000f\000\040\000P\000r\000o\000j\000e\000c\000t}{section.1}% 24
\BOOKMARK [1][-]{section.2}{\376\377\000L\000I\000T\000E\000R\000A\000T\000U\000R\000E\000\040\000R\000E\000V\000I\000E\000W}{}% 25
\BOOKMARK [2][-]{subsection.2.1}{\376\377\000O\000v\000e\000r\000v\000i\000e\000w}{section.2}% 26
\BOOKMARK [2][-]{subsection.2.2}{\376\377\000C\000u\000r\000r\000e\000n\000t\000\040\000I\000s\000s\000u\000e\000s\000\040\000o\000f\000\040\000C\000o\000n\000c\000e\000r\000n}{section.2}% 27
\BOOKMARK [2][-]{subsection.2.3}{\376\377\000D\000e\000f\000i\000n\000i\000t\000i\000o\000n\000\040\000o\000f\000\040\000R\000e\000l\000a\000t\000e\000d\000\040\000A\000r\000e\000a\000s}{section.2}% 28
\BOOKMARK [3][-]{subsubsection.2.3.1}{\376\377\000W\000e\000b\000R\000T\000C\000\040\000\050\000W\000e\000b\000\040\000R\000e\000a\000l\000\040\000T\000i\000m\000e\000\040\000C\000o\000m\000m\000u\000n\000i\000c\000a\000t\000i\000o\000n\000\051}{subsection.2.3}% 29
\BOOKMARK [3][-]{subsubsection.2.3.2}{\376\377\000W\000e\000b\000\040\000S\000o\000c\000k\000e\000t\000s}{subsection.2.3}% 30
\BOOKMARK [3][-]{subsubsection.2.3.3}{\376\377\000S\000e\000r\000v\000e\000r\000\040\000S\000i\000d\000e\000\040\000R\000e\000n\000d\000e\000r\000i\000n\000g}{subsection.2.3}% 31
\BOOKMARK [3][-]{subsubsection.2.3.4}{\376\377\000S\000u\000c\000c\000e\000s\000s\000\040\000o\000f\000\040\000e\000-\000l\000e\000a\000r\000n\000i\000n\000g\000\040\000p\000l\000a\000t\000f\000o\000r\000m\000s}{subsection.2.3}% 32
\BOOKMARK [3][-]{subsubsection.2.3.5}{\376\377\000S\000c\000a\000l\000a\000b\000l\000e\000\040\000N\000o\000-\000S\000Q\000L\000\040\000D\000a\000t\000a\000b\000a\000s\000e\000\040\000M\000a\000n\000a\000g\000e\000m\000e\000n\000t\000\040\000S\000y\000s\000t\000e\000m\000s}{subsection.2.3}% 33
\BOOKMARK [3][-]{subsubsection.2.3.6}{\376\377\000C\000o\000n\000t\000a\000i\000n\000e\000r\000i\000z\000a\000t\000i\000o\000n\000\040\000w\000i\000t\000h\000\040\000D\000o\000c\000k\000e\000r\000\040}{subsection.2.3}% 34
\BOOKMARK [3][-]{subsubsection.2.3.7}{\376\377\000S\000y\000s\000t\000e\000m\000\040\000A\000r\000c\000h\000i\000t\000e\000c\000t\000u\000r\000e\000\040\000D\000e\000s\000i\000g\000n\000\040\000a\000v\000o\000i\000d\000i\000n\000g\000\040\000S\000i\000n\000g\000l\000e\000\040\000P\000o\000i\000n\000t\000\040\000o\000f\000\040\000F\000a\000i\000l\000u\000r\000e}{subsection.2.3}% 35
\BOOKMARK [2][-]{subsection.2.4}{\376\377\000R\000E\000V\000I\000E\000W\000\040\000O\000F\000\040\000R\000E\000L\000A\000T\000E\000D\000\040\000A\000R\000E\000A\000S}{section.2}% 36
\BOOKMARK [3][-]{subsubsection.2.4.1}{\376\377\0001\000\040\000R\000e\000v\000i\000e\000w\000e\000d\000\040\000W\000o\000r\000k\000\040\000O\000n\000e}{subsection.2.4}% 37
\BOOKMARK [3][-]{subsubsection.2.4.2}{\376\377\000\040\000R\000e\000v\000i\000e\000w\000e\000d\000\040\000w\000o\000r\000k\000\040\000t\000w\000o}{subsection.2.4}% 38
\BOOKMARK [3][-]{subsubsection.2.4.3}{\376\377\000\040\000R\000e\000v\000i\000e\000w\000e\000d\000\040\000W\000o\000r\000k\000\040\0003}{subsection.2.4}% 39
\BOOKMARK [3][-]{subsubsection.2.4.4}{\376\377\000\040\000R\000e\000v\000i\000e\000w\000e\000d\000\040\000W\000o\000r\000k\000\040\0004}{subsection.2.4}% 40
\BOOKMARK [2][-]{subsection.2.5}{\376\377\000S\000U\000M\000M\000A\000R\000Y\000\040\000O\000F\000\040\000R\000E\000L\000A\000T\000E\000D\000\040\000W\000O\000R\000K\000S}{section.2}% 41
\BOOKMARK [2][-]{subsection.2.6}{\376\377\000I\000D\000E\000N\000T\000I\000F\000E\000D\000\040\000G\000A\000P\000S\000\040\000F\000R\000O\000M\000\040\000T\000H\000E\000\040\000R\000E\000L\000A\000T\000E\000D\000\040\000W\000O\000R\000K\000S}{section.2}% 42
\BOOKMARK [2][-]{subsection.2.7}{\376\377\000C\000U\000R\000R\000E\000N\000T\000\040\000S\000E\000T\000U\000P\000\040\000O\000F\000\040\000E\000-\000L\000E\000A\000R\000N\000I\000N\000G\000\040\000P\000L\000A\000T\000F\000O\000R\000M\000S}{section.2}% 43
\BOOKMARK [2][-]{subsection.2.8}{\376\377\000P\000R\000O\000P\000O\000S\000E\000D\000\040\000D\000E\000S\000I\000G\000N\000\040\000O\000F\000\040\000E\000-\000L\000E\000A\000R\000N\000I\000N\000G\000\040\000P\000L\000A\000T\000F\000O\000R\000M}{section.2}% 44
\BOOKMARK [2][-]{subsection.2.9}{\376\377\000C\000O\000N\000C\000L\000U\000S\000I\000O\000N}{section.2}% 45
\BOOKMARK [1][-]{section.3}{\376\377\000M\000E\000T\000H\000O\000D\000O\000L\000O\000G\000Y}{}% 46
\BOOKMARK [2][-]{subsection.3.1}{\376\377\000O\000v\000e\000r\000v\000i\000e\000w}{section.3}% 47
\BOOKMARK [2][-]{subsection.3.2}{\376\377\000P\000r\000o\000d\000u\000c\000t\000\040\000B\000a\000c\000k\000l\000o\000g\000\040\000C\000r\000e\000a\000t\000i\000o\000n}{section.3}% 48
\BOOKMARK [2][-]{subsection.3.3}{\376\377\000S\000p\000r\000i\000n\000t\000\040\000P\000l\000a\000n\000n\000i\000n\000g}{section.3}% 49
\BOOKMARK [2][-]{subsection.3.4}{\376\377\000S\000p\000r\000i\000n\000t\000\040\000E\000x\000x\000e\000c\000u\000t\000i\000o\000n}{section.3}% 50
\BOOKMARK [3][-]{subsubsection.3.4.1}{\376\377\000R\000e\000q\000u\000i\000r\000e\000m\000e\000n\000t\000s}{subsection.3.4}% 51
\BOOKMARK [3][-]{subsubsection.3.4.2}{\376\377\000D\000e\000s\000i\000g\000n\000\040\000a\000n\000d\000\040\000I\000m\000p\000l\000e\000m\000e\000n\000t\000a\000t\000i\000o\000n}{subsection.3.4}% 52
\BOOKMARK [3][-]{subsubsection.3.4.3}{\376\377\000U\000s\000e\000r\000\040\000R\000e\000g\000i\000s\000t\000r\000a\000t\000i\000o\000n\000\040\000a\000n\000d\000\040\000L\000o\000g\000i\000n}{subsection.3.4}% 53
\BOOKMARK [3][-]{subsubsection.3.4.4}{\376\377\000V\000i\000d\000e\000o\000\040\000C\000o\000n\000f\000e\000r\000e\000n\000c\000i\000n\000g\000\040\000F\000l\000o\000w\000\040\000C\000h\000a\000r\000t}{subsection.3.4}% 54
\BOOKMARK [3][-]{subsubsection.3.4.5}{\376\377\000L\000e\000v\000e\000l\000\040\0000\000\040\000D\000a\000t\000a\000\040\000F\000l\000o\000w\000\040\000D\000i\000a\000g\000r\000a\000m\000\040\000\050\000D\000F\000D\000\051\000\040\000f\000o\000r\000\040\000V\000i\000d\000e\000o\000\040\000C\000o\000n\000f\000e\000r\000e\000n\000c\000i\000n\000g\000\040\000F\000e\000a\000t\000u\000r\000e}{subsection.3.4}% 55
\BOOKMARK [3][-]{subsubsection.3.4.6}{\376\377\000L\000e\000v\000e\000l\000\040\0001\000\040\000D\000a\000t\000a\000\040\000F\000l\000o\000w\000\040\000D\000i\000a\000g\000r\000a\000m\000\040\000\050\000D\000F\000D\000\051\000\040\000f\000o\000r\000\040\000V\000i\000d\000e\000o\000\040\000C\000o\000n\000f\000e\000r\000e\000n\000c\000i\000n\000g\000\040\000F\000e\000a\000t\000u\000r\000e}{subsection.3.4}% 56
\BOOKMARK [3][-]{subsubsection.3.4.7}{\376\377\000E\000n\000t\000i\000t\000y\000\040\000R\000e\000l\000a\000t\000i\000o\000n\000s\000h\000i\000p\000\040\000O\000v\000e\000r\000v\000i\000e\000w\000\040\000f\000o\000r\000\040\000t\000h\000e\000\040\000V\000i\000d\000e\000o\000\040\000C\000o\000n\000f\000e\000r\000e\000n\000c\000i\000n\000g\000\040\000f\000e\000a\000t\000u\000r\000e}{subsection.3.4}% 57
\BOOKMARK [3][-]{subsubsection.3.4.8}{\376\377\000C\000o\000u\000r\000s\000e\000\040\000M\000a\000n\000a\000g\000e\000m\000e\000n\000t\000\040\000a\000n\000d\000\040\000S\000u\000b\000m\000i\000s\000s\000i\000o\000n\000\040\000M\000a\000n\000a\000g\000e\000m\000e\000n\000t}{subsection.3.4}% 58
\BOOKMARK [3][-]{subsubsection.3.4.9}{\376\377\000S\000e\000s\000s\000i\000o\000n\000\040\000T\000r\000a\000v\000e\000r\000s\000a\000l\000\040\000U\000t\000i\000l\000i\000t\000i\000e\000s\000\040\000f\000o\000r\000\040\000N\000A\000T\000\040\000\050\000S\000T\000U\000N\000\051}{subsection.3.4}% 59
\BOOKMARK [2][-]{subsection.3.5}{\376\377\000S\000p\000r\000i\000n\000t\000\040\000R\000e\000v\000i\000e\000w\000\040\000a\000n\000d\000\040\000R\000e\000t\000r\000o\000s\000p\000e\000c\000t\000i\000v\000e}{section.3}% 60
\BOOKMARK [2][-]{subsection.3.6}{\376\377\000S\000u\000m\000m\000a\000r\000y\000\040\000o\000f\000\040\000C\000h\000a\000p\000t\000e\000r}{section.3}% 61
\BOOKMARK [1][-]{section.4}{\376\377\000A\000N\000A\000L\000Y\000S\000I\000S\000\040\000A\000N\000D\000\040\000R\000E\000S\000U\000L\000T\000S}{}% 62
\BOOKMARK [2][-]{subsection.4.1}{\376\377\000O\000v\000e\000r\000v\000i\000e\000w}{section.4}% 63
\BOOKMARK [2][-]{subsection.4.2}{\376\377\000U\000s\000e\000r\000\040\000I\000n\000t\000e\000r\000f\000a\000c\000e}{section.4}% 64
\BOOKMARK [3][-]{subsubsection.4.2.1}{\376\377\000L\000o\000g\000i\000n\000\040\000P\000a\000g\000e}{subsection.4.2}% 65
\BOOKMARK [3][-]{subsubsection.4.2.2}{\376\377\000S\000t\000u\000d\000e\000n\000t\000s\000\040\000C\000o\000u\000r\000s\000e\000s\000\040\000P\000a\000g\000e}{subsection.4.2}% 66
\BOOKMARK [3][-]{subsubsection.4.2.3}{\376\377\000L\000e\000c\000t\000u\000r\000e\000r\000s\000\040\000C\000o\000u\000r\000s\000e\000s\000\040\000P\000a\000g\000e}{subsection.4.2}% 67
\BOOKMARK [3][-]{subsubsection.4.2.4}{\376\377\000C\000o\000u\000r\000s\000e\000\040\000V\000i\000e\000w\000\040\000P\000a\000g\000e\000\040\000\050\000f\000o\000r\000\040\000B\000o\000t\000h\000\040\000S\000t\000u\000d\000e\000n\000t\000s\000\040\000a\000n\000d\000\040\000L\000e\000c\000t\000u\000r\000e\000r\000s\000\051}{subsection.4.2}% 68
\BOOKMARK [3][-]{subsubsection.4.2.5}{\376\377\000W\000a\000i\000t\000i\000n\000g\000\040\000R\000o\000o\000m\000\040\000\050\000f\000o\000r\000\040\000B\000o\000t\000h\000\040\000S\000t\000u\000d\000e\000n\000t\000s\000\040\000a\000n\000d\000\040\000L\000e\000c\000t\000u\000r\000e\000r\000s\000\051}{subsection.4.2}% 69
\BOOKMARK [3][-]{subsubsection.4.2.6}{\376\377\000M\000e\000e\000t\000i\000n\000g\000\040\000R\000o\000o\000m}{subsection.4.2}% 70
\BOOKMARK [2][-]{subsection.4.3}{\376\377\000E\000v\000a\000l\000u\000a\000t\000i\000n\000g\000\040\000a\000n\000d\000\040\000T\000e\000s\000t\000i\000n\000g}{section.4}% 71
\BOOKMARK [2][-]{subsection.4.4}{\376\377\000R\000e\000s\000u\000l\000t\000s}{section.4}% 72
\BOOKMARK [3][-]{subsubsection.4.4.1}{\376\377\000T\000h\000e\000\040\000B\000e\000n\000e\000f\000i\000t\000s\000\040\000o\000f\000\040\000t\000h\000e\000\040\000E\000-\000L\000e\000a\000r\000n\000i\000n\000g\000\040\000P\000l\000a\000t\000f\000o\000r\000m}{subsection.4.4}% 73
\BOOKMARK [2][-]{subsection.4.5}{\376\377\000C\000h\000a\000p\000t\000e\000r\000\040\000S\000u\000m\000m\000a\000r\000y}{section.4}% 74
\BOOKMARK [1][-]{section.5}{\376\377\000C\000O\000N\000C\000L\000U\000S\000I\000O\000N\000,\000\040\000L\000I\000M\000I\000T\000A\000T\000I\000O\000N\000\040\000A\000N\000D\000\040\000R\000E\000C\000O\000M\000M\000E\000N\000D\000A\000T\000I\000O\000N}{}% 75
\BOOKMARK [2][-]{subsection.5.1}{\376\377\000O\000v\000e\000r\000v\000i\000e\000w}{section.5}% 76
\BOOKMARK [2][-]{subsection.5.2}{\376\377\000C\000o\000n\000c\000l\000u\000s\000i\000o\000n}{section.5}% 77
\BOOKMARK [2][-]{subsection.5.3}{\376\377\000L\000i\000m\000i\000t\000a\000t\000i\000o\000n\000s}{section.5}% 78
\BOOKMARK [1][-]{section*.16}{\376\377\000R\000e\000f\000e\000r\000e\000n\000c\000e\000s}{}% 79
