This is pdfTeX, Version 3.141592653-2.6-1.40.26 (MiKTeX 24.4) (preloaded format=pdflatex 2024.7.31)  19 AUG 2024 11:34
entering extended mode
 restricted \write18 enabled.
 %&-line parsing enabled.
**"./Chpater 1 & 2.tex"
(Chpater 1 & 2.tex
LaTeX2e <2024-06-01> patch level 2
L3 programming layer <2024-05-27>
(C:\Users\niico\AppData\Local\Programs\MiKTeX\tex/latex/base\article.cls
Document Class: article 2024/02/08 v1.4n Standard LaTeX document class
(C:\Users\niico\AppData\Local\Programs\MiKTeX\tex/latex/base\size12.clo
File: size12.clo 2024/02/08 v1.4n Standard LaTeX file (size option)
)
\c@part=\count194
\c@section=\count195
\c@subsection=\count196
\c@subsubsection=\count197
\c@paragraph=\count198
\c@subparagraph=\count199
\c@figure=\count266
\c@table=\count267
\abovecaptionskip=\skip49
\belowcaptionskip=\skip50
\bibindent=\dimen141
)
(C:\Users\niico\AppData\Local\Programs\MiKTeX\tex/generic/babel\babel.sty
Package: babel 2024/06/26 v24.7 The Babel package
\babel@savecnt=\count268
\U@D=\dimen142
\l@unhyphenated=\language79

(C:\Users\niico\AppData\Local\Programs\MiKTeX\tex/generic/babel\txtbabel.def)
\bbl@readstream=\read2
\bbl@dirlevel=\count269

*************************************
* Local config file bblopts.cfg used
*
(C:\Users\niico\AppData\Local\Programs\MiKTeX\tex/latex/arabi\bblopts.cfg
File: bblopts.cfg 2005/09/08 v0.1 add Arabic and Farsi to "declared" options of
 babel
)
(C:\Users\niico\AppData\Local\Programs\MiKTeX\tex/latex/babel-english\british.l
df
Language: british 2017/06/06 v3.3r English support from the babel system

(C:\Users\niico\AppData\Local\Programs\MiKTeX\tex/latex/babel-english\english.l
df
Language: english 2017/06/06 v3.3r English support from the babel system
Package babel Info: Hyphen rules for 'canadian' set to \l@english
(babel)             (\language0). Reported on input line 102.
Package babel Info: Hyphen rules for 'australian' set to \l@ukenglish
(babel)             (\language73). Reported on input line 105.
Package babel Info: Hyphen rules for 'newzealand' set to \l@ukenglish
(babel)             (\language73). Reported on input line 108.
)))
(C:\Users\niico\AppData\Local\Programs\MiKTeX\tex/generic/babel/locale/en\babel
-british.tex
Package babel Info: Importing font and identification data for british
(babel)             from babel-en-GB.ini. Reported on input line 11.
)
(C:\Users\niico\AppData\Local\Programs\MiKTeX\tex/latex/geometry\geometry.sty
Package: geometry 2020/01/02 v5.9 Page Geometry

(C:\Users\niico\AppData\Local\Programs\MiKTeX\tex/latex/graphics\keyval.sty
Package: keyval 2022/05/29 v1.15 key=value parser (DPC)
\KV@toks@=\toks17
)
(C:\Users\niico\AppData\Local\Programs\MiKTeX\tex/generic/iftex\ifvtex.sty
Package: ifvtex 2019/10/25 v1.7 ifvtex legacy package. Use iftex instead.

(C:\Users\niico\AppData\Local\Programs\MiKTeX\tex/generic/iftex\iftex.sty
Package: iftex 2022/02/03 v1.0f TeX engine tests
))
\Gm@cnth=\count270
\Gm@cntv=\count271
\c@Gm@tempcnt=\count272
\Gm@bindingoffset=\dimen143
\Gm@wd@mp=\dimen144
\Gm@odd@mp=\dimen145
\Gm@even@mp=\dimen146
\Gm@layoutwidth=\dimen147
\Gm@layoutheight=\dimen148
\Gm@layouthoffset=\dimen149
\Gm@layoutvoffset=\dimen150
\Gm@dimlist=\toks18

(C:\Users\niico\AppData\Local\Programs\MiKTeX\tex/latex/geometry\geometry.cfg))
(C:\Users\niico\AppData\Local\Programs\MiKTeX\tex/latex/psnfss\times.sty
Package: times 2020/03/25 PSNFSS-v9.3 (SPQR) 
)
(C:\Users\niico\AppData\Local\Programs\MiKTeX\tex/latex/anyfontsize\anyfontsize
.sty
Package: anyfontsize 2007/11/22 anyfontsize.sty by pts
) (C:\Users\niico\AppData\Local\Programs\MiKTeX\tex/latex/float\float.sty
Package: float 2001/11/08 v1.3d Float enhancements (AL)
\c@float@type=\count273
\float@exts=\toks19
\float@box=\box52
\@float@everytoks=\toks20
\@floatcapt=\box53
)
(C:\Users\niico\AppData\Local\Programs\MiKTeX\tex/latex/graphics\graphicx.sty
Package: graphicx 2021/09/16 v1.2d Enhanced LaTeX Graphics (DPC,SPQR)

(C:\Users\niico\AppData\Local\Programs\MiKTeX\tex/latex/graphics\graphics.sty
Package: graphics 2024/05/23 v1.4g Standard LaTeX Graphics (DPC,SPQR)

(C:\Users\niico\AppData\Local\Programs\MiKTeX\tex/latex/graphics\trig.sty
Package: trig 2023/12/02 v1.11 sin cos tan (DPC)
)
(C:\Users\niico\AppData\Local\Programs\MiKTeX\tex/latex/graphics-cfg\graphics.c
fg
File: graphics.cfg 2016/06/04 v1.11 sample graphics configuration
)
Package graphics Info: Driver file: pdftex.def on input line 106.

(C:\Users\niico\AppData\Local\Programs\MiKTeX\tex/latex/graphics-def\pdftex.def
File: pdftex.def 2024/04/13 v1.2c Graphics/color driver for pdftex
))
\Gin@req@height=\dimen151
\Gin@req@width=\dimen152
) (C:\Users\niico\AppData\Local\Programs\MiKTeX\tex/latex/parskip\parskip.sty
Package: parskip 2021-03-14 v2.0h non-zero parskip adjustments

(C:\Users\niico\AppData\Local\Programs\MiKTeX\tex/latex/kvoptions\kvoptions.sty
Package: kvoptions 2022-06-15 v3.15 Key value format for package options (HO)
(C:\Users\niico\AppData\Local\Programs\MiKTeX\tex/generic/ltxcmds\ltxcmds.sty
Package: ltxcmds 2023-12-04 v1.26 LaTeX kernel commands for general use (HO)
)
(C:\Users\niico\AppData\Local\Programs\MiKTeX\tex/latex/kvsetkeys\kvsetkeys.sty
Package: kvsetkeys 2022-10-05 v1.19 Key value parser (HO)
))
(C:\Users\niico\AppData\Local\Programs\MiKTeX\tex/latex/etoolbox\etoolbox.sty
Package: etoolbox 2020/10/05 v2.5k e-TeX tools for LaTeX (JAW)
\etb@tempcnta=\count274
)) (C:\Users\niico\AppData\Local\Programs\MiKTeX\tex/latex/hyperref\hyperref.st
y
Package: hyperref 2024-07-10 v7.01j Hypertext links for LaTeX

(C:\Users\niico\AppData\Local\Programs\MiKTeX\tex/generic/kvdefinekeys\kvdefine
keys.sty
Package: kvdefinekeys 2019-12-19 v1.6 Define keys (HO)
)
(C:\Users\niico\AppData\Local\Programs\MiKTeX\tex/generic/pdfescape\pdfescape.s
ty
Package: pdfescape 2019/12/09 v1.15 Implements pdfTeX's escape features (HO)

(C:\Users\niico\AppData\Local\Programs\MiKTeX\tex/generic/pdftexcmds\pdftexcmds
.sty
Package: pdftexcmds 2020-06-27 v0.33 Utility functions of pdfTeX for LuaTeX (HO
)

(C:\Users\niico\AppData\Local\Programs\MiKTeX\tex/generic/infwarerr\infwarerr.s
ty
Package: infwarerr 2019/12/03 v1.5 Providing info/warning/error messages (HO)
)
Package pdftexcmds Info: \pdf@primitive is available.
Package pdftexcmds Info: \pdf@ifprimitive is available.
Package pdftexcmds Info: \pdfdraftmode found.
))
(C:\Users\niico\AppData\Local\Programs\MiKTeX\tex/latex/hycolor\hycolor.sty
Package: hycolor 2020-01-27 v1.10 Color options for hyperref/bookmark (HO)
)
(C:\Users\niico\AppData\Local\Programs\MiKTeX\tex/latex/hyperref\nameref.sty
Package: nameref 2023-11-26 v2.56 Cross-referencing by name of section

(C:\Users\niico\AppData\Local\Programs\MiKTeX\tex/latex/refcount\refcount.sty
Package: refcount 2019/12/15 v3.6 Data extraction from label references (HO)
)
(C:\Users\niico\AppData\Local\Programs\MiKTeX\tex/generic/gettitlestring\gettit
lestring.sty
Package: gettitlestring 2019/12/15 v1.6 Cleanup title references (HO)
)
\c@section@level=\count275
)
(C:\Users\niico\AppData\Local\Programs\MiKTeX\tex/generic/stringenc\stringenc.s
ty
Package: stringenc 2019/11/29 v1.12 Convert strings between diff. encodings (HO
)
)
\@linkdim=\dimen153
\Hy@linkcounter=\count276
\Hy@pagecounter=\count277
 (C:\Users\niico\AppData\Local\Programs\MiKTeX\tex/latex/hyperref\pd1enc.def
File: pd1enc.def 2024-07-10 v7.01j Hyperref: PDFDocEncoding definition (HO)
Now handling font encoding PD1 ...
... no UTF-8 mapping file for font encoding PD1
) (C:\Users\niico\AppData\Local\Programs\MiKTeX\tex/generic/intcalc\intcalc.sty
Package: intcalc 2019/12/15 v1.3 Expandable calculations with integers (HO)
)
\Hy@SavedSpaceFactor=\count278
 (C:\Users\niico\AppData\Local\Programs\MiKTeX\tex/latex/hyperref\puenc.def
File: puenc.def 2024-07-10 v7.01j Hyperref: PDF Unicode definition (HO)
Now handling font encoding PU ...
... no UTF-8 mapping file for font encoding PU
)
Package hyperref Info: Option `colorlinks' set `true' on input line 4040.
Package hyperref Info: Hyper figures OFF on input line 4157.
Package hyperref Info: Link nesting OFF on input line 4162.
Package hyperref Info: Hyper index ON on input line 4165.
Package hyperref Info: Plain pages OFF on input line 4172.
Package hyperref Info: Backreferencing OFF on input line 4177.
Package hyperref Info: Implicit mode ON; LaTeX internals redefined.
Package hyperref Info: Bookmarks ON on input line 4424.
\c@Hy@tempcnt=\count279

(C:\Users\niico\AppData\Local\Programs\MiKTeX\tex/latex/url\url.sty
\Urlmuskip=\muskip17
Package: url 2013/09/16  ver 3.4  Verb mode for urls, etc.
)
LaTeX Info: Redefining \url on input line 4763.
\XeTeXLinkMargin=\dimen154

(C:\Users\niico\AppData\Local\Programs\MiKTeX\tex/generic/bitset\bitset.sty
Package: bitset 2019/12/09 v1.3 Handle bit-vector datatype (HO)

(C:\Users\niico\AppData\Local\Programs\MiKTeX\tex/generic/bigintcalc\bigintcalc
.sty
Package: bigintcalc 2019/12/15 v1.5 Expandable calculations on big integers (HO
)
))
\Fld@menulength=\count280
\Field@Width=\dimen155
\Fld@charsize=\dimen156
Package hyperref Info: Hyper figures OFF on input line 6042.
Package hyperref Info: Link nesting OFF on input line 6047.
Package hyperref Info: Hyper index ON on input line 6050.
Package hyperref Info: backreferencing OFF on input line 6057.
Package hyperref Info: Link coloring ON on input line 6060.
Package hyperref Info: Link coloring with OCG OFF on input line 6067.
Package hyperref Info: PDF/A mode OFF on input line 6072.

(C:\Users\niico\AppData\Local\Programs\MiKTeX\tex/latex/base\atbegshi-ltx.sty
Package: atbegshi-ltx 2021/01/10 v1.0c Emulation of the original atbegshi
package with kernel methods
)
\Hy@abspage=\count281
\c@Item=\count282
\c@Hfootnote=\count283
)
Package hyperref Info: Driver (autodetected): hpdftex.
(C:\Users\niico\AppData\Local\Programs\MiKTeX\tex/latex/hyperref\hpdftex.def
File: hpdftex.def 2024-07-10 v7.01j Hyperref driver for pdfTeX

(C:\Users\niico\AppData\Local\Programs\MiKTeX\tex/latex/base\atveryend-ltx.sty
Package: atveryend-ltx 2020/08/19 v1.0a Emulation of the original atveryend pac
kage
with kernel methods
)
\Fld@listcount=\count284
\c@bookmark@seq@number=\count285

(C:\Users\niico\AppData\Local\Programs\MiKTeX\tex/latex/rerunfilecheck\rerunfil
echeck.sty
Package: rerunfilecheck 2022-07-10 v1.10 Rerun checks for auxiliary files (HO)

(C:\Users\niico\AppData\Local\Programs\MiKTeX\tex/generic/uniquecounter\uniquec
ounter.sty
Package: uniquecounter 2019/12/15 v1.4 Provide unlimited unique counter (HO)
)
Package uniquecounter Info: New unique counter `rerunfilecheck' on input line 2
85.
)
\Hy@SectionHShift=\skip51
)
(C:\Users\niico\AppData\Local\Programs\MiKTeX\tex/latex/amsmath\amsmath.sty
Package: amsmath 2024/05/23 v2.17q AMS math features
\@mathmargin=\skip52

For additional information on amsmath, use the `?' option.
(C:\Users\niico\AppData\Local\Programs\MiKTeX\tex/latex/amsmath\amstext.sty
Package: amstext 2021/08/26 v2.01 AMS text

(C:\Users\niico\AppData\Local\Programs\MiKTeX\tex/latex/amsmath\amsgen.sty
File: amsgen.sty 1999/11/30 v2.0 generic functions
\@emptytoks=\toks21
\ex@=\dimen157
))
(C:\Users\niico\AppData\Local\Programs\MiKTeX\tex/latex/amsmath\amsbsy.sty
Package: amsbsy 1999/11/29 v1.2d Bold Symbols
\pmbraise@=\dimen158
)
(C:\Users\niico\AppData\Local\Programs\MiKTeX\tex/latex/amsmath\amsopn.sty
Package: amsopn 2022/04/08 v2.04 operator names
)
\inf@bad=\count286
LaTeX Info: Redefining \frac on input line 233.
\uproot@=\count287
\leftroot@=\count288
LaTeX Info: Redefining \overline on input line 398.
LaTeX Info: Redefining \colon on input line 409.
\classnum@=\count289
\DOTSCASE@=\count290
LaTeX Info: Redefining \ldots on input line 495.
LaTeX Info: Redefining \dots on input line 498.
LaTeX Info: Redefining \cdots on input line 619.
\Mathstrutbox@=\box54
\strutbox@=\box55
LaTeX Info: Redefining \big on input line 721.
LaTeX Info: Redefining \Big on input line 722.
LaTeX Info: Redefining \bigg on input line 723.
LaTeX Info: Redefining \Bigg on input line 724.
\big@size=\dimen159
LaTeX Font Info:    Redeclaring font encoding OML on input line 742.
LaTeX Font Info:    Redeclaring font encoding OMS on input line 743.
\macc@depth=\count291
LaTeX Info: Redefining \bmod on input line 904.
LaTeX Info: Redefining \pmod on input line 909.
LaTeX Info: Redefining \smash on input line 939.
LaTeX Info: Redefining \relbar on input line 969.
LaTeX Info: Redefining \Relbar on input line 970.
\c@MaxMatrixCols=\count292
\dotsspace@=\muskip18
\c@parentequation=\count293
\dspbrk@lvl=\count294
\tag@help=\toks22
\row@=\count295
\column@=\count296
\maxfields@=\count297
\andhelp@=\toks23
\eqnshift@=\dimen160
\alignsep@=\dimen161
\tagshift@=\dimen162
\tagwidth@=\dimen163
\totwidth@=\dimen164
\lineht@=\dimen165
\@envbody=\toks24
\multlinegap=\skip53
\multlinetaggap=\skip54
\mathdisplay@stack=\toks25
LaTeX Info: Redefining \[ on input line 2953.
LaTeX Info: Redefining \] on input line 2954.
)
(C:\Users\niico\AppData\Local\Programs\MiKTeX\tex/latex/amsfonts\amsfonts.sty
Package: amsfonts 2013/01/14 v3.01 Basic AMSFonts support
\symAMSa=\mathgroup4
\symAMSb=\mathgroup5
LaTeX Font Info:    Redeclaring math symbol \hbar on input line 98.
LaTeX Font Info:    Overwriting math alphabet `\mathfrak' in version `bold'
(Font)                  U/euf/m/n --> U/euf/b/n on input line 106.
)
(C:\Users\niico\AppData\Local\Programs\MiKTeX\tex/latex/amsfonts\amssymb.sty
Package: amssymb 2013/01/14 v3.01 AMS font symbols
)
(C:\Users\niico\AppData\Local\Programs\MiKTeX\tex/latex/fancyhdr\fancyhdr.sty
Package: fancyhdr 2024/07/23 v4.3.1 Extensive control of page headers and foote
rs
\f@nch@headwidth=\skip55
\f@nch@O@elh=\skip56
\f@nch@O@erh=\skip57
\f@nch@O@olh=\skip58
\f@nch@O@orh=\skip59
\f@nch@O@elf=\skip60
\f@nch@O@erf=\skip61
\f@nch@O@olf=\skip62
\f@nch@O@orf=\skip63
)
LaTeX Font Info:    Trying to load font information for OT1+ptm on input line 2
5.

(C:\Users\niico\AppData\Local\Programs\MiKTeX\tex/latex/psnfss\ot1ptm.fd
File: ot1ptm.fd 2001/06/04 font definitions for OT1/ptm.
)
(C:\Users\niico\AppData\Local\Programs\MiKTeX\tex/latex/l3backend\l3backend-pdf
tex.def
File: l3backend-pdftex.def 2024-05-08 L3 backend support: PDF output (pdfTeX)
\l__color_backend_stack_int=\count298
\l__pdf_internal_box=\box56
) (Chpater 1 & 2.aux)
\openout1 = `"Chpater 1 & 2.aux"'.

LaTeX Font Info:    Checking defaults for OML/cmm/m/it on input line 25.
LaTeX Font Info:    ... okay on input line 25.
LaTeX Font Info:    Checking defaults for OMS/cmsy/m/n on input line 25.
LaTeX Font Info:    ... okay on input line 25.
LaTeX Font Info:    Checking defaults for OT1/cmr/m/n on input line 25.
LaTeX Font Info:    ... okay on input line 25.
LaTeX Font Info:    Checking defaults for T1/cmr/m/n on input line 25.
LaTeX Font Info:    ... okay on input line 25.
LaTeX Font Info:    Checking defaults for TS1/cmr/m/n on input line 25.
LaTeX Font Info:    ... okay on input line 25.
LaTeX Font Info:    Checking defaults for OMX/cmex/m/n on input line 25.
LaTeX Font Info:    ... okay on input line 25.
LaTeX Font Info:    Checking defaults for U/cmr/m/n on input line 25.
LaTeX Font Info:    ... okay on input line 25.
LaTeX Font Info:    Checking defaults for PD1/pdf/m/n on input line 25.
LaTeX Font Info:    ... okay on input line 25.
LaTeX Font Info:    Checking defaults for PU/pdf/m/n on input line 25.
LaTeX Font Info:    ... okay on input line 25.

*geometry* driver: auto-detecting
*geometry* detected driver: pdftex
*geometry* verbose mode - [ preamble ] result:
* driver: pdftex
* paper: a4paper
* layout: <same size as paper>
* layoutoffset:(h,v)=(0.0pt,0.0pt)
* modes: 
* h-part:(L,W,R)=(71.13188pt, 455.24411pt, 71.13188pt)
* v-part:(T,H,B)=(56.9055pt, 731.23584pt, 56.9055pt)
* \paperwidth=597.50787pt
* \paperheight=845.04684pt
* \textwidth=455.24411pt
* \textheight=731.23584pt
* \oddsidemargin=-1.1381pt
* \evensidemargin=-1.1381pt
* \topmargin=-52.36449pt
* \headheight=12.0pt
* \headsep=25.0pt
* \topskip=12.0pt
* \footskip=30.0pt
* \marginparwidth=49.79231pt
* \marginparsep=10.0pt
* \columnsep=10.0pt
* \skip\footins=10.8pt plus 4.0pt minus 2.0pt
* \hoffset=0.0pt
* \voffset=0.0pt
* \mag=1000
* \@twocolumnfalse
* \@twosidefalse
* \@mparswitchfalse
* \@reversemarginfalse
* (1in=72.27pt=25.4mm, 1cm=28.453pt)


(C:\Users\niico\AppData\Local\Programs\MiKTeX\tex/context/base/mkii\supp-pdf.mk
ii
[Loading MPS to PDF converter (version 2006.09.02).]
\scratchcounter=\count299
\scratchdimen=\dimen166
\scratchbox=\box57
\nofMPsegments=\count300
\nofMParguments=\count301
\everyMPshowfont=\toks26
\MPscratchCnt=\count302
\MPscratchDim=\dimen167
\MPnumerator=\count303
\makeMPintoPDFobject=\count304
\everyMPtoPDFconversion=\toks27
)
(C:\Users\niico\AppData\Local\Programs\MiKTeX\tex/latex/epstopdf-pkg\epstopdf-b
ase.sty
Package: epstopdf-base 2020-01-24 v2.11 Base part for package epstopdf
Package epstopdf-base Info: Redefining graphics rule for `.eps' on input line 4
85.

(C:\Users\niico\AppData\Local\Programs\MiKTeX\tex/latex/00miktex\epstopdf-sys.c
fg
File: epstopdf-sys.cfg 2021/03/18 v2.0 Configuration of epstopdf for MiKTeX
)) (C:\Users\niico\AppData\Local\Programs\MiKTeX\tex/latex/graphics\color.sty
Package: color 2024/01/14 v1.3d Standard LaTeX Color (DPC)
(C:\Users\niico\AppData\Local\Programs\MiKTeX\tex/latex/graphics-cfg\color.cfg
File: color.cfg 2016/01/02 v1.6 sample color configuration
)
Package color Info: Driver file: pdftex.def on input line 149.
(C:\Users\niico\AppData\Local\Programs\MiKTeX\tex/latex/graphics\mathcolor.ltx)
)
Package hyperref Info: Link coloring ON on input line 25.
 (Chpater 1 & 2.out) (Chpater 1 & 2.out)
\@outlinefile=\write3
\openout3 = `"Chpater 1 & 2.out"'.

<figures/school_logo.png, id=191, 218.31563pt x 130.98938pt>
File: figures/school_logo.png Graphic file (type png)
<use figures/school_logo.png>
Package pdftex.def Info: figures/school_logo.png  used on input line 36.
(pdftex.def)             Requested size: 273.14923pt x 163.8902pt.


[1

{C:/Users/niico/AppData/Local/MiKTeX/fonts/map/pdftex/pdftex.map}{C:/Users/niic
o/AppData/Local/Programs/MiKTeX/fonts/enc/dvips/base/8r.enc} <./figures/school_
logo.png (PNG copy)>]
LaTeX Font Info:    Trying to load font information for U+msa on input line 66.


(C:\Users\niico\AppData\Local\Programs\MiKTeX\tex/latex/amsfonts\umsa.fd
File: umsa.fd 2013/01/14 v3.01 AMS symbols A
)
LaTeX Font Info:    Trying to load font information for U+msb on input line 66.


(C:\Users\niico\AppData\Local\Programs\MiKTeX\tex/latex/amsfonts\umsb.fd
File: umsb.fd 2013/01/14 v3.01 AMS symbols B
)


pdfTeX warning (ext4): destination with the same identifier (name{page.i}) has 
been already used, duplicate ignored
<to be read again> 
                   \relax 
l.94 \newpage
              [1] (Chpater 1 & 2.toc)
\tf@toc=\write4
\openout4 = `"Chpater 1 & 2.toc"'.



[2]

LaTeX Warning: Citation `gyamfi2020stakeholders' on page 1 undefined on input l
ine 119.


LaTeX Warning: Citation `kim2023better' on page 1 undefined on input line 139.


Overfull \hbox (7.325pt too wide) in paragraph at lines 144--145
[][] 
 []


Underfull \hbox (badness 10000) in paragraph at lines 145--147

 []


Underfull \hbox (badness 10000) in paragraph at lines 147--149

 []


Underfull \hbox (badness 10000) in paragraph at lines 149--151

 []



[1]
Underfull \hbox (badness 10000) in paragraph at lines 151--154

 []


Underfull \hbox (badness 10000) in paragraph at lines 158--181

 []


Underfull \hbox (badness 10000) in paragraph at lines 183--190

 []


Underfull \hbox (badness 10000) in paragraph at lines 192--198

 []



[2]

LaTeX Warning: Citation `moodle2024review' on page 3 undefined on input line 20
0.


Underfull \hbox (badness 10000) in paragraph at lines 200--207

 []


Underfull \hbox (badness 10000) in paragraph at lines 209--212

 []

LaTeX Font Info:    Trying to load font information for TS1+ptm on input line 2
14.
(C:\Users\niico\AppData\Local\Programs\MiKTeX\tex/latex/psnfss\ts1ptm.fd
File: ts1ptm.fd 2001/06/04 font definitions for TS1/ptm.
)
Underfull \hbox (badness 10000) in paragraph at lines 214--217

 []


Underfull \hbox (badness 10000) in paragraph at lines 217--220

 []


Underfull \hbox (badness 10000) in paragraph at lines 220--222

 []


Underfull \hbox (badness 10000) in paragraph at lines 226--230

 []


Underfull \hbox (badness 10000) in paragraph at lines 232--234

 []


Underfull \hbox (badness 10000) in paragraph at lines 234--236

 []


Underfull \hbox (badness 10000) in paragraph at lines 236--238

 []



[3]
Underfull \hbox (badness 10000) in paragraph at lines 243--244

 []


Underfull \hbox (badness 10000) in paragraph at lines 244--245

 []


Underfull \hbox (badness 10000) in paragraph at lines 245--246

 []


Underfull \hbox (badness 10000) in paragraph at lines 250--251

 []


Underfull \hbox (badness 10000) in paragraph at lines 251--252

 []


Underfull \hbox (badness 10000) in paragraph at lines 252--253

 []


LaTeX Warning: Citation `emmanuel2022design' on page 4 undefined on input line 
261.


LaTeX Warning: Citation `islam2015challenges' on page 4 undefined on input line
 266.


Underfull \hbox (badness 10000) in paragraph at lines 256--274

 []


Underfull \hbox (badness 10000) in paragraph at lines 277--283

 []



[4]
Underfull \hbox (badness 10000) in paragraph at lines 300--303

 []


Underfull \hbox (badness 10000) in paragraph at lines 305--307

 []


Underfull \hbox (badness 10000) in paragraph at lines 307--309

 []


Underfull \hbox (badness 10000) in paragraph at lines 309--311

 []


Underfull \hbox (badness 10000) in paragraph at lines 313--316

 []

<figures/agile.png, id=282, 447.92343pt x 304.88907pt>
File: figures/agile.png Graphic file (type png)
<use figures/agile.png>
Package pdftex.def Info: figures/agile.png  used on input line 319.
(pdftex.def)             Requested size: 455.24411pt x 309.88016pt.


[5]
Underfull \hbox (badness 10000) in paragraph at lines 325--327

 []


Underfull \hbox (badness 10000) in paragraph at lines 329--333

 []


Underfull \hbox (badness 10000) in paragraph at lines 335--340

 []



[6 <./figures/agile.png>]
Underfull \hbox (badness 10000) in paragraph at lines 343--350

 []



[7]
Underfull \hbox (badness 10000) in paragraph at lines 354--364

 []


Underfull \hbox (badness 10000) in paragraph at lines 366--377

 []


Underfull \hbox (badness 10000) in paragraph at lines 379--382

 []


LaTeX Warning: Citation `emmanuel2022design' on page 8 undefined on input line 
396.


Underfull \hbox (badness 10000) in paragraph at lines 384--418

 []



[8]
Underfull \hbox (badness 10000) in paragraph at lines 420--433

 []


Underfull \hbox (badness 10000) in paragraph at lines 435--456

 []


LaTeX Warning: Citation `kim2023better' on page 9 undefined on input line 466.


Underfull \hbox (badness 10000) in paragraph at lines 458--469

 []



[9]
Underfull \hbox (badness 10000) in paragraph at lines 471--474

 []


Underfull \hbox (badness 10000) in paragraph at lines 474--477

 []


Underfull \hbox (badness 10000) in paragraph at lines 477--481

 []


Underfull \hbox (badness 10000) in paragraph at lines 481--485

 []


Underfull \hbox (badness 10000) in paragraph at lines 485--490

 []


Underfull \hbox (badness 10000) in paragraph at lines 496--511

 []



[10]
Underfull \hbox (badness 10000) in paragraph at lines 513--521

 []


Underfull \hbox (badness 10000) in paragraph at lines 523--534

 []



[11]
Underfull \hbox (badness 10000) in paragraph at lines 537--542

 []


Underfull \hbox (badness 10000) in paragraph at lines 544--545

 []


Underfull \hbox (badness 10000) in paragraph at lines 546--551

 []


Underfull \hbox (badness 10000) in paragraph at lines 552--554

 []


Underfull \hbox (badness 10000) in paragraph at lines 555--557

 []


Underfull \hbox (badness 10000) in paragraph at lines 558--560

 []



[12]
Overfull \hbox (3.96646pt too wide) in paragraph at lines 561--563
\OT1/ptm/m/n/14.4 Currently, Moodle primar-ily sup-ple-ments tra-di-tional face
-to-face classroom ped-
 []


Underfull \hbox (badness 10000) in paragraph at lines 561--563

 []


Overfull \hbox (10.47565pt too wide) in paragraph at lines 565--566
\OT1/ptm/b/n/14.4 The Pro-cess of Design-ing the Func-tion-al-it-ies of an On-l
ine Learn-ing Platform-
 []


Underfull \hbox (badness 10000) in paragraph at lines 565--566

 []


LaTeX Warning: Citation `oliwa2021process' on page 13 undefined on input line 5
78.


Underfull \hbox (badness 10000) in paragraph at lines 567--579

 []


Underfull \hbox (badness 10000) in paragraph at lines 580--582

 []


Underfull \hbox (badness 10000) in paragraph at lines 583--585

 []



[13]
Underfull \hbox (badness 10000) in paragraph at lines 586--588

 []


Underfull \hbox (badness 10000) in paragraph at lines 589--592

 []


Overfull \hbox (6.27054pt too wide) in paragraph at lines 597--598
\OT1/ptm/b/n/14.4 Design And Im-ple-ment-a-tion Of A Desktop Based Sys-tem To E
n-hance Teach-
 []


Underfull \hbox (badness 10000) in paragraph at lines 597--598

 []


LaTeX Warning: Citation `emmanuel2022design' on page 14 undefined on input line
 605.


Underfull \hbox (badness 10000) in paragraph at lines 599--606

 []



[14]
Underfull \hbox (badness 10000) in paragraph at lines 607--609

 []


Underfull \hbox (badness 10000) in paragraph at lines 611--615

 []


Underfull \hbox (badness 10000) in paragraph at lines 615--619

 []


Underfull \hbox (badness 10000) in paragraph at lines 619--621

 []


Underfull \hbox (badness 10000) in paragraph at lines 621--623

 []


Underfull \hbox (badness 10000) in paragraph at lines 623--626

 []


Underfull \hbox (badness 10000) in paragraph at lines 628--629

 []


Underfull \hbox (badness 10000) in paragraph at lines 630--633

 []


Underfull \hbox (badness 10000) in paragraph at lines 633--638

 []



[15]
Underfull \hbox (badness 10000) in paragraph at lines 638--642

 []


Underfull \hbox (badness 10000) in paragraph at lines 642--646

 []


Underfull \hbox (badness 10000) in paragraph at lines 648--649

 []


Underfull \hbox (badness 10000) in paragraph at lines 650--654

 []


Underfull \hbox (badness 10000) in paragraph at lines 654--658

 []


Overfull \hbox (0.79799pt too wide) in paragraph at lines 658--662
\OT1/ptm/m/n/14.4 con-duc-ted, such as the par-tic-u-lar tech-no-lo-gical in-fr
a-struc-ture and user pref-
 []


Underfull \hbox (badness 10000) in paragraph at lines 658--662

 []


Underfull \hbox (badness 10000) in paragraph at lines 667--668

 []


LaTeX Warning: Citation `appiahene2017design' on page 16 undefined on input lin
e 681.


Underfull \hbox (badness 10000) in paragraph at lines 669--682

 []



[16]
Overfull \hbox (0.12306pt too wide) in paragraph at lines 683--699
\OT1/ptm/m/n/14.4 The first phase of the study fo-cused on de-vel-op-ing a web-
based plat-form tailored
 []


Underfull \hbox (badness 10000) in paragraph at lines 683--699

 []


Underfull \hbox (badness 10000) in paragraph at lines 700--701

 []


Underfull \hbox (badness 10000) in paragraph at lines 702--705

 []


Underfull \hbox (badness 10000) in paragraph at lines 705--708

 []


Underfull \hbox (badness 10000) in paragraph at lines 708--712

 []



[17]
Underfull \hbox (badness 10000) in paragraph at lines 714--719

 []


Underfull \hbox (badness 10000) in paragraph at lines 721--741

 []


Underfull \hbox (badness 10000) in paragraph at lines 743--745

 []


Underfull \hbox (badness 10000) in paragraph at lines 747--752

 []



[18]
Underfull \hbox (badness 10000) in paragraph at lines 753--758

 []


Overfull \hbox (1.77657pt too wide) in paragraph at lines 759--764
[]\OT1/ptm/m/n/14.4 Technical Lim-it-a-tions in Real-Time In-ter-ac-tion: The d
esktop-based screen-
 []


Overfull \hbox (6.78874pt too wide) in paragraph at lines 759--764
\OT1/ptm/m/n/14.4 but it does not com-pre-hens-ively ad-dress is-sues re-lated 
to band-width, latency,
 []


Underfull \hbox (badness 10000) in paragraph at lines 759--764

 []


Overfull \hbox (0.49513pt too wide) in paragraph at lines 765--770
[]\OT1/ptm/m/n/14.4 Scalability and Per-form-ance: The on-line learn-ing plat-f
orm for large classes
 []


Underfull \hbox (badness 10000) in paragraph at lines 765--770

 []


Underfull \hbox (badness 10000) in paragraph at lines 771--776

 []

<figures/current.png, id=370, 783.92876pt x 290.08376pt>
File: figures/current.png Graphic file (type png)
<use figures/current.png>
Package pdftex.def Info: figures/current.png  used on input line 781.
(pdftex.def)             Requested size: 455.24411pt x 168.46115pt.

LaTeX Warning: Citation `appiahene2017design' on page 19 undefined on input lin
e 782.



[19]
Underfull \hbox (badness 10000) in paragraph at lines 784--792

 []


Underfull \hbox (badness 10000) in paragraph at lines 793--797

 []


Underfull \hbox (badness 10000) in paragraph at lines 798--802

 []


Underfull \hbox (badness 10000) in paragraph at lines 803--808

 []


Underfull \hbox (badness 10000) in paragraph at lines 809--812

 []



[20 <./figures/current.png>]
Underfull \hbox (badness 10000) in paragraph at lines 813--817

 []


Underfull \hbox (badness 10000) in paragraph at lines 818--823

 []


Underfull \hbox (badness 10000) in paragraph at lines 824--828

 []


Underfull \hbox (badness 10000) in paragraph at lines 830--842

 []


Underfull \hbox (badness 10000) in paragraph at lines 843--848

 []

<figures/proposed.png, id=386, 994.71625pt x 453.695pt>
File: figures/proposed.png Graphic file (type png)
<use figures/proposed.png>
Package pdftex.def Info: figures/proposed.png  used on input line 851.
(pdftex.def)             Requested size: 455.24411pt x 207.64304pt.


[21]
Underfull \hbox (badness 10000) in paragraph at lines 856--866

 []



[22 <./figures/proposed.png>]

LaTeX Warning: Citation `schwaber2020scrum' on page 23 undefined on input line 
883.


Underfull \hbox (badness 10000) in paragraph at lines 870--884

 []


LaTeX Warning: Citation `schwaber2020scrum' on page 23 undefined on input line 
894.


Underfull \hbox (badness 10000) in paragraph at lines 886--916

 []



[23]
<figures/productbacklog.png, id=402, 353.82187pt x 378.66469pt>
File: figures/productbacklog.png Graphic file (type png)
<use figures/productbacklog.png>
Package pdftex.def Info: figures/productbacklog.png  used on input line 919.
(pdftex.def)             Requested size: 455.24411pt x 487.21411pt.

Underfull \hbox (badness 10000) in paragraph at lines 923--949

 []



[24 <./figures/productbacklog.png>]

LaTeX Warning: Citation `beck2001agile' on page 25 undefined on input line 951.



LaTeX Warning: Citation `beedle2001agile' on page 25 undefined on input line 95
1.


LaTeX Warning: Citation `schwaber2020scrum' on page 25 undefined on input line 
951.


Underfull \hbox (badness 10000) in paragraph at lines 951--952

 []


Underfull \hbox (badness 10000) in paragraph at lines 953--971

 []



[25]
<figures/sprint-planning.png, id=413, 683.55376pt x 514.92375pt>
File: figures/sprint-planning.png Graphic file (type png)
<use figures/sprint-planning.png>
Package pdftex.def Info: figures/sprint-planning.png  used on input line 974.
(pdftex.def)             Requested size: 455.24411pt x 342.94641pt.


LaTeX Warning: Citation `beck2001agile' on page 26 undefined on input line 983.




[26 <./figures/sprint-planning.png>]

LaTeX Warning: Citation `HANNIFIN201017' on page 27 undefined on input line 100
6.


LaTeX Warning: Citation `geeksforgeeks2024' on page 27 undefined on input line 
1006.



[27]
Underfull \hbox (badness 10000) in paragraph at lines 1008--1009

 []


Underfull \hbox (badness 10000) in paragraph at lines 1019--1021

 []


LaTeX Warning: Citation `byjus2024' on page 28 undefined on input line 1026.


LaTeX Warning: Citation `emmanuel2022design' on page 28 undefined on input line
 1026.


Underfull \hbox (badness 10000) in paragraph at lines 1025--1027

 []


Underfull \hbox (badness 10000) in paragraph at lines 1027--1029

 []



[28

]

LaTeX Warning: Citation `mongodb' on page 29 undefined on input line 1031.


Underfull \hbox (badness 10000) in paragraph at lines 1030--1032

 []


LaTeX Warning: Citation `mongodb_compass' on page 29 undefined on input line 10
34.


Underfull \hbox (badness 10000) in paragraph at lines 1033--1035

 []


LaTeX Warning: Citation `nodejs2024' on page 29 undefined on input line 1037.


LaTeX Warning: Citation `geeksforgeeks2024' on page 29 undefined on input line 
1037.


LaTeX Warning: Citation `w3schools2024' on page 29 undefined on input line 1037
.


Overfull \hbox (11.22371pt too wide) in paragraph at lines 1036--1038
\OT1/ptm/m/n/14.4 Node.js is an im-port-ant com-pon-ent of this pro-ject's tech
-no-logy stack, serving
 []


Underfull \hbox (badness 10000) in paragraph at lines 1036--1038

 []


LaTeX Warning: Citation `webrtc2024' on page 29 undefined on input line 1040.


LaTeX Warning: Citation `peerjs2024' on page 29 undefined on input line 1040.

<figures/w3rtc.png, id=438, 542.77782pt x 359.09157pt>
File: figures/w3rtc.png Graphic file (type png)
<use figures/w3rtc.png>
Package pdftex.def Info: figures/w3rtc.png  used on input line 1043.
(pdftex.def)             Requested size: 455.24411pt x 301.19102pt.

Underfull \hbox (badness 10000) in paragraph at lines 1039--1045

 []



[29]

LaTeX Warning: Citation `geeksforgeeks2024ejs' on page 30 undefined on input li
ne 1048.


Underfull \hbox (badness 10000) in paragraph at lines 1047--1049

 []


LaTeX Warning: Citation `w3schools2024css' on page 30 undefined on input line 1
051.


Underfull \hbox (badness 10000) in paragraph at lines 1050--1052

 []

(Chpater 1 & 2.bbl)

[30 <./figures/w3rtc.png (PNG copy)>] (Chpater 1 & 2.aux)
 ***********
LaTeX2e <2024-06-01> patch level 2
L3 programming layer <2024-05-27>
 ***********


LaTeX Warning: There were undefined references.

Package rerunfilecheck Info: File `"Chpater 1 & 2".out' has not changed.
(rerunfilecheck)             Checksum: 7A7AF2E5D8E24ABF2F970F4A68D7ED9F;8914.
 ) 
Here is how much of TeX's memory you used:
 11915 strings out of 473904
 188302 string characters out of 5726600
 1945908 words of memory out of 5000000
 34461 multiletter control sequences out of 15000+600000
 574896 words of font info for 70 fonts, out of 8000000 for 9000
 1141 hyphenation exceptions out of 8191
 69i,9n,79p,901b,537s stack positions out of 10000i,1000n,20000p,200000b,200000s
<C:/Users/niico/AppData/Local/Programs/MiKTeX/fonts/type1/urw/times/utmb8a.pf
b><C:/Users/niico/AppData/Local/Programs/MiKTeX/fonts/type1/urw/times/utmbi8a.p
fb><C:/Users/niico/AppData/Local/Programs/MiKTeX/fonts/type1/urw/times/utmr8a.p
fb><C:/Users/niico/AppData/Local/Programs/MiKTeX/fonts/type1/urw/times/utmri8a.
pfb>
Output written on "Chpater 1 & 2.pdf" (33 pages, 437304 bytes).
PDF statistics:
 504 PDF objects out of 1000 (max. 8388607)
 142 named destinations out of 1000 (max. 500000)
 412 words of extra memory for PDF output out of 10000 (max. 10000000)

